KindleTurn/app/build/intermediates/manifest_merge_blame_file/debug/manifest-merger-blame-debug-report.txt
1<?xml version="1.0" encoding="utf-8"?>
2<manifest xmlns:android="http://schemas.android.com/apk/res/android"
3    package="pl.whipsoft.kindleturn"
4    android:versionCode="1"
5    android:versionName="1.0" >
6
7    <uses-sdk
7-->src/main/AndroidManifest.xml:7:5-47
8        android:minSdkVersion="28"
8-->src/main/AndroidManifest.xml:7:5-47
9        android:targetSdkVersion="28" />
9-->src/main/AndroidManifest.xml:7:15-44
10
11    <uses-permission android:name="android.permission.INTERNET" >
11-->src/main/AndroidManifest.xml:9:5-10:23
11-->src/main/AndroidManifest.xml:9:22-64
12    </uses-permission>
13
14    <application
14-->src/main/AndroidManifest.xml:12:5-31:19
15        android:allowBackup="true"
15-->src/main/AndroidManifest.xml:13:9-35
16        android:appComponentFactory="android.support.v4.app.CoreComponentFactory"
16-->[com.android.support:support-compat:28.0.0] AndroidManifest.xml:22:18-91
17        android:debuggable="true"
18        android:icon="@drawable/ic_launcher"
18-->src/main/AndroidManifest.xml:14:9-45
19        android:label="@string/app_name"
19-->src/main/AndroidManifest.xml:15:9-41
20        android:testOnly="true"
21        android:theme="@style/AppTheme" >
21-->src/main/AndroidManifest.xml:16:9-40
22        <service android:name="pl.whipsoft.kindleturn.KindleTurnService" />
22-->src/main/AndroidManifest.xml:17:9-54
22-->src/main/AndroidManifest.xml:17:18-51
23
24        <activity
24-->src/main/AndroidManifest.xml:18:9-26:20
25            android:name="pl.whipsoft.kindleturn.MainActivity"
25-->src/main/AndroidManifest.xml:19:13-63
26            android:label="@string/app_name" >
26-->src/main/AndroidManifest.xml:20:13-45
27            <intent-filter>
27-->src/main/AndroidManifest.xml:21:13-25:29
28                <action android:name="android.intent.action.MAIN" />
28-->src/main/AndroidManifest.xml:22:17-69
28-->src/main/AndroidManifest.xml:22:25-66
29
30                <category android:name="android.intent.category.LAUNCHER" />
30-->src/main/AndroidManifest.xml:24:17-77
30-->src/main/AndroidManifest.xml:24:27-74
31            </intent-filter>
32        </activity>
33        <activity
33-->src/main/AndroidManifest.xml:27:10-30:20
34            android:name="pl.whipsoft.kindleturn.SettingsActivity"
34-->src/main/AndroidManifest.xml:28:13-67
35            android:label="@string/title_activity_settings" >
35-->src/main/AndroidManifest.xml:29:13-60
36        </activity>
37    </application>
38
39</manifest>